# JRE version: Java(TM) SE Runtime Environment (21.0.2+13) (build 21.0.2+13-LTS-58)
# Java VM: Java HotSpot(TM) 64-Bit Server VM (21.0.2+13-LTS-58, mixed mode, sharing, tiered, compressed oops, compressed class ptrs, g1 gc, windows-amd64)
GC Precious Log:
 CardTable entry size: 512
 Card Set container configuration: InlinePtr #cards 5 size 8 Array Of Cards #cards 12 size 40 Howl #buckets 4 coarsen threshold 1843 Howl Bitmap #cards 512 size 80 coarsen threshold 460 Card regions per heap region 1 cards per card region 2048
 CPUs: 4 total, 4 available
 Memory: 8071M
 Large Page Support: Disabled
 NUMA Support: Disabled
 Compressed Oops: Enabled (32-bit)
 Heap Region Size: 1M
 Heap Min Capacity: 8M
 Heap Initial Capacity: 128M
 Heap Max Capacity: 2018M
 Pre-touch: Disabled
 Parallel Workers: 4
 Concurrent Workers: 1
 Concurrent Refinement Workers: 4
 Periodic GC: Disabled
Heap:
 garbage-first heap   total 70656K, used 60017K [0x0000000081e00000, 0x0000000100000000)
  region size 1024K, 27 young (27648K), 4 survivors (4096K)
 Metaspace       used 85572K, committed 86400K, reserved 1179648K
  class space    used 11772K, committed 12160K, reserved 1048576K
GC Heap History (20 events):
Event: 14.914 GC heap before
{Heap before GC invocations=8 (full 0):
 garbage-first heap   total 70656K, used 24933K [0x0000000081e00000, 0x0000000100000000)
  region size 1024K, 8 young (8192K), 4 survivors (4096K)
 Metaspace       used 35641K, committed 36096K, reserved 1114112K
  class space    used 4555K, committed 4800K, reserved 1048576K
}
Event: 14.932 GC heap after
{Heap after GC invocations=9 (full 0):
 garbage-first heap   total 70656K, used 22557K [0x0000000081e00000, 0x0000000100000000)
  region size 1024K, 3 young (3072K), 3 survivors (3072K)
 Metaspace       used 35641K, committed 36096K, reserved 1114112K
  class space    used 4555K, committed 4800K, reserved 1048576K
}
Event: 18.860 GC heap before
{Heap before GC invocations=10 (full 0):
 garbage-first heap   total 70656K, used 58397K [0x0000000081e00000, 0x0000000100000000)
  region size 1024K, 38 young (38912K), 3 survivors (3072K)
 Metaspace       used 43168K, committed 43776K, reserved 1114112K
  class space    used 5732K, committed 6016K, reserved 1048576K
}
Event: 18.880 GC heap after
{Heap after GC invocations=11 (full 0):
 garbage-first heap   total 70656K, used 24898K [0x0000000081e00000, 0x0000000100000000)
  region size 1024K, 5 young (5120K), 5 survivors (5120K)
 Metaspace       used 43168K, committed 43776K, reserved 1114112K
  class space    used 5732K, committed 6016K, reserved 1048576K
}
Event: 26.741 GC heap before
{Heap before GC invocations=11 (full 0):
 garbage-first heap   total 70656K, used 59714K [0x0000000081e00000, 0x0000000100000000)
  region size 1024K, 39 young (39936K), 5 survivors (5120K)
 Metaspace       used 55261K, committed 55808K, reserved 1114112K
  class space    used 7171K, committed 7424K, reserved 1048576K
}
Event: 26.774 GC heap after
{Heap after GC invocations=12 (full 0):
 garbage-first heap   total 70656K, used 27107K [0x0000000081e00000, 0x0000000100000000)
  region size 1024K, 5 young (5120K), 5 survivors (5120K)
 Metaspace       used 55261K, committed 55808K, reserved 1114112K
  class space    used 7171K, committed 7424K, reserved 1048576K
}
Event: 28.637 GC heap before
{Heap before GC invocations=12 (full 0):
 garbage-first heap   total 70656K, used 40419K [0x0000000081e00000, 0x0000000100000000)
  region size 1024K, 20 young (20480K), 5 survivors (5120K)
 Metaspace       used 60090K, committed 60608K, reserved 1114112K
  class space    used 7862K, committed 8128K, reserved 1048576K
}
Event: 28.655 GC heap after
{Heap after GC invocations=13 (full 0):
 garbage-first heap   total 70656K, used 29074K [0x0000000081e00000, 0x0000000100000000)
  region size 1024K, 2 young (2048K), 2 survivors (2048K)
 Metaspace       used 60090K, committed 60608K, reserved 1114112K
  class space    used 7862K, committed 8128K, reserved 1048576K
}
Event: 32.828 GC heap before
{Heap before GC invocations=14 (full 0):
 garbage-first heap   total 70656K, used 60818K [0x0000000081e00000, 0x0000000100000000)
  region size 1024K, 33 young (33792K), 2 survivors (2048K)
 Metaspace       used 67485K, committed 68032K, reserved 1114112K
  class space    used 9046K, committed 9280K, reserved 1048576K
}
Event: 32.839 GC heap after
{Heap after GC invocations=15 (full 0):
 garbage-first heap   total 70656K, used 30575K [0x0000000081e00000, 0x0000000100000000)
  region size 1024K, 3 young (3072K), 3 survivors (3072K)
 Metaspace       used 67485K, committed 68032K, reserved 1114112K
  class space    used 9046K, committed 9280K, reserved 1048576K
}
Event: 35.065 GC heap before
{Heap before GC invocations=15 (full 0):
 garbage-first heap   total 70656K, used 62319K [0x0000000081e00000, 0x0000000100000000)
  region size 1024K, 34 young (34816K), 3 survivors (3072K)
 Metaspace       used 72150K, committed 72768K, reserved 1114112K
  class space    used 9816K, committed 10112K, reserved 1048576K
}
Event: 35.088 GC heap after
{Heap after GC invocations=16 (full 0):
 garbage-first heap   total 70656K, used 31962K [0x0000000081e00000, 0x0000000100000000)
  region size 1024K, 5 young (5120K), 5 survivors (5120K)
 Metaspace       used 72150K, committed 72768K, reserved 1114112K
  class space    used 9816K, committed 10112K, reserved 1048576K
}
Event: 36.157 GC heap before
{Heap before GC invocations=16 (full 0):
 garbage-first heap   total 70656K, used 60634K [0x0000000081e00000, 0x0000000100000000)
  region size 1024K, 33 young (33792K), 5 survivors (5120K)
 Metaspace       used 73956K, committed 74560K, reserved 1114112K
  class space    used 10192K, committed 10496K, reserved 1048576K
}
Event: 36.175 GC heap after
{Heap after GC invocations=17 (full 0):
 garbage-first heap   total 70656K, used 33223K [0x0000000081e00000, 0x0000000100000000)
  region size 1024K, 4 young (4096K), 4 survivors (4096K)
 Metaspace       used 73956K, committed 74560K, reserved 1114112K
  class space    used 10192K, committed 10496K, reserved 1048576K
}
Event: 38.013 GC heap before
{Heap before GC invocations=17 (full 0):
 garbage-first heap   total 70656K, used 61895K [0x0000000081e00000, 0x0000000100000000)
  region size 1024K, 32 young (32768K), 4 survivors (4096K)
 Metaspace       used 77363K, committed 78016K, reserved 1179648K
  class space    used 10652K, committed 10944K, reserved 1048576K
}
Event: 38.027 GC heap after
{Heap after GC invocations=18 (full 0):
 garbage-first heap   total 70656K, used 35412K [0x0000000081e00000, 0x0000000100000000)
  region size 1024K, 4 young (4096K), 4 survivors (4096K)
 Metaspace       used 77363K, committed 78016K, reserved 1179648K
  class space    used 10652K, committed 10944K, reserved 1048576K
}
Event: 39.758 GC heap before
{Heap before GC invocations=19 (full 0):
 garbage-first heap   total 70656K, used 61012K [0x0000000081e00000, 0x0000000100000000)
  region size 1024K, 29 young (29696K), 4 survivors (4096K)
 Metaspace       used 80046K, committed 80768K, reserved 1179648K
  class space    used 11050K, committed 11392K, reserved 1048576K
}
Event: 39.771 GC heap after
{Heap after GC invocations=20 (full 0):
 garbage-first heap   total 70656K, used 36958K [0x0000000081e00000, 0x0000000100000000)
  region size 1024K, 4 young (4096K), 4 survivors (4096K)
 Metaspace       used 80046K, committed 80768K, reserved 1179648K
  class space    used 11050K, committed 11392K, reserved 1048576K
}
Event: 41.100 GC heap before
{Heap before GC invocations=20 (full 0):
 garbage-first heap   total 70656K, used 61534K [0x0000000081e00000, 0x0000000100000000)
  region size 1024K, 28 young (28672K), 4 survivors (4096K)
 Metaspace       used 81910K, committed 82624K, reserved 1179648K
  class space    used 11330K, committed 11648K, reserved 1048576K
}
Event: 41.116 GC heap after
{Heap after GC invocations=21 (full 0):
 garbage-first heap   total 70656K, used 38513K [0x0000000081e00000, 0x0000000100000000)
  region size 1024K, 4 young (4096K), 4 survivors (4096K)
 Metaspace       used 81910K, committed 82624K, reserved 1179648K
  class space    used 11330K, committed 11648K, reserved 1048576K
}

